<?xml version="1.0" encoding="utf-8"?><testsuites name="pytest tests"><testsuite name="pytest" errors="0" failures="0" skipped="0" tests="16" time="1.189" timestamp="2026-06-23T10:12:10.296844+00:00" hostname="agent-env-df1bf56c-510d-4e97-b27d-6053d5685c72"><testcase classname="backend.tests.backend_test.TestRoot" name="test_root_brand" time="0.189" /><testcase classname="backend.tests.backend_test.TestCollections" name="test_list_collections" time="0.045" /><testcase classname="backend.tests.backend_test.TestCollections" name="test_get_collection_valid" time="0.058" /><testcase classname="backend.tests.backend_test.TestCollections" name="test_get_collection_404" time="0.042" /><testcase classname="backend.tests.backend_test.TestProducts" name="test_list_all" time="0.044" /><testcase classname="backend.tests.backend_test.TestProducts" name="test_filter_by_collection" time="0.046" /><testcase classname="backend.tests.backend_test.TestProducts" name="test_filter_by_tag_new" time="0.042" /><testcase classname="backend.tests.backend_test.TestProducts" name="test_filter_by_tag_bestseller" time="0.044" /><testcase classname="backend.tests.backend_test.TestProducts" name="test_get_product_by_handle" time="0.045" /><testcase classname="backend.tests.backend_test.TestProducts" name="test_get_product_404" time="0.041" /><testcase classname="backend.tests.backend_test.TestSearch" name="test_search_gold" time="0.046" /><testcase classname="backend.tests.backend_test.TestSearch" name="test_search_aurora" time="0.047" /><testcase classname="backend.tests.backend_test.TestSearch" name="test_search_empty" time="0.038" /><testcase classname="backend.tests.backend_test.TestCheckout" name="test_checkout_returns_stub_url" time="0.140" /><testcase classname="backend.tests.backend_test.TestCheckout" name="test_checkout_empty_lines" time="0.039" /><testcase classname="backend.tests.backend_test.TestCheckout" name="test_checkout_invalid_product" time="0.044" /></testsuite></testsuites>